<?xml version="1.0" encoding="UTF-8"?>
<!-- Generated by org.testng.reporters.JUnitReportReporter -->
<testsuite hostname="DESKTOP-0HLK68D" failures="0" tests="2" name="session7.Learningtestngpractice" time="15.918" errors="0" timestamp="07 Oct 2021 01:19:01 GMT" skipped="0">
  <testcase classname="session7.Learningtestngpractice" name="loginTest" time="6.671"/>
  <testcase classname="session7.Learningtestngpractice" name="AddCustomerTest" time="9.247"/>
</testsuite> <!-- session7.Learningtestngpractice -->
